C:\USERS\GOKDERE\DOCUMENTS\VISUAL STUDIO 2010\PROJECTS\DISCRIMNANT AND ROOT\DEBUG\DISCRIMNANT AND ROOT.EXE
C:\USERS\GOKDERE\DOCUMENTS\VISUAL STUDIO 2010\PROJECTS\DISCRIMNANT AND ROOT\DEBUG\DISCRIMNANT AND ROOT.ILK
C:\USERS\GOKDERE\DOCUMENTS\VISUAL STUDIO 2010\PROJECTS\DISCRIMNANT AND ROOT\DEBUG\DISCRIMNANT AND ROOT.PDB
C:\USERS\GOKDERE\DOCUMENTS\VISUAL STUDIO 2010\PROJECTS\DISCRIMNANT AND ROOT\DISCRIMNANT AND ROOT\DEBUG\DISCRIMNANT AND ROOT.EXE.EMBED.MANIFEST
C:\USERS\GOKDERE\DOCUMENTS\VISUAL STUDIO 2010\PROJECTS\DISCRIMNANT AND ROOT\DISCRIMNANT AND ROOT\DEBUG\DISCRIMNANT AND ROOT.EXE.EMBED.MANIFEST.RES
C:\USERS\GOKDERE\DOCUMENTS\VISUAL STUDIO 2010\PROJECTS\DISCRIMNANT AND ROOT\DISCRIMNANT AND ROOT\DEBUG\DISCRIMNANT AND ROOT.EXE.INTERMEDIATE.MANIFEST
C:\USERS\GOKDERE\DOCUMENTS\VISUAL STUDIO 2010\PROJECTS\DISCRIMNANT AND ROOT\DISCRIMNANT AND ROOT\DEBUG\DISCRIMNANTANDROOT.OBJ
C:\USERS\GOKDERE\DOCUMENTS\VISUAL STUDIO 2010\PROJECTS\DISCRIMNANT AND ROOT\DISCRIMNANT AND ROOT\DEBUG\VC100.PDB
F:\CEN133-SOFTWARE ENGINEER\PROJECTS\DISCRIMNANT and ROOT\Debug\DISCRIMNANT and ROOT.exe
F:\CEN133-SOFTWARE ENGINEER\PROJECTS\DISCRIMNANT and ROOT\Debug\DISCRIMNANT and ROOT.ilk
F:\CEN133-SOFTWARE ENGINEER\PROJECTS\DISCRIMNANT and ROOT\Debug\DISCRIMNANT and ROOT.pdb
F:\CEN133-SOFTWARE ENGINEER\PROJECTS\DISCRIMNANT and ROOT\DISCRIMNANT and ROOT\Debug\cl.command.1.tlog
F:\CEN133-SOFTWARE ENGINEER\PROJECTS\DISCRIMNANT and ROOT\DISCRIMNANT and ROOT\Debug\CL.read.1.tlog
F:\CEN133-SOFTWARE ENGINEER\PROJECTS\DISCRIMNANT and ROOT\DISCRIMNANT and ROOT\Debug\CL.write.1.tlog
F:\CEN133-SOFTWARE ENGINEER\PROJECTS\DISCRIMNANT and ROOT\DISCRIMNANT and ROOT\Debug\DISCRIMNANT and ROOT.exe.embed.manifest
F:\CEN133-SOFTWARE ENGINEER\PROJECTS\DISCRIMNANT and ROOT\DISCRIMNANT and ROOT\Debug\DISCRIMNANT and ROOT.exe.embed.manifest.res
F:\CEN133-SOFTWARE ENGINEER\PROJECTS\DISCRIMNANT and ROOT\DISCRIMNANT and ROOT\Debug\DISCRIMNANT and ROOT.exe.intermediate.manifest
F:\CEN133-SOFTWARE ENGINEER\PROJECTS\DISCRIMNANT and ROOT\DISCRIMNANT and ROOT\Debug\DISCRIMNANT and ROOT_manifest.rc
F:\CEN133-SOFTWARE ENGINEER\PROJECTS\DISCRIMNANT and ROOT\DISCRIMNANT and ROOT\Debug\DiscrimnantAndRoot.obj
F:\CEN133-SOFTWARE ENGINEER\PROJECTS\DISCRIMNANT and ROOT\DISCRIMNANT and ROOT\Debug\link.3172.read.1.tlog
F:\CEN133-SOFTWARE ENGINEER\PROJECTS\DISCRIMNANT and ROOT\DISCRIMNANT and ROOT\Debug\link.3172.write.1.tlog
F:\CEN133-SOFTWARE ENGINEER\PROJECTS\DISCRIMNANT and ROOT\DISCRIMNANT and ROOT\Debug\link.3172-cvtres.read.1.tlog
F:\CEN133-SOFTWARE ENGINEER\PROJECTS\DISCRIMNANT and ROOT\DISCRIMNANT and ROOT\Debug\link.3172-cvtres.write.1.tlog
F:\CEN133-SOFTWARE ENGINEER\PROJECTS\DISCRIMNANT and ROOT\DISCRIMNANT and ROOT\Debug\link.command.1.tlog
F:\CEN133-SOFTWARE ENGINEER\PROJECTS\DISCRIMNANT and ROOT\DISCRIMNANT and ROOT\Debug\link.read.1.tlog
F:\CEN133-SOFTWARE ENGINEER\PROJECTS\DISCRIMNANT and ROOT\DISCRIMNANT and ROOT\Debug\link.write.1.tlog
F:\CEN133-SOFTWARE ENGINEER\PROJECTS\DISCRIMNANT and ROOT\DISCRIMNANT and ROOT\Debug\link-cvtres.read.1.tlog
F:\CEN133-SOFTWARE ENGINEER\PROJECTS\DISCRIMNANT and ROOT\DISCRIMNANT and ROOT\Debug\link-cvtres.write.1.tlog
F:\CEN133-SOFTWARE ENGINEER\PROJECTS\DISCRIMNANT and ROOT\DISCRIMNANT and ROOT\Debug\mt.command.1.tlog
F:\CEN133-SOFTWARE ENGINEER\PROJECTS\DISCRIMNANT and ROOT\DISCRIMNANT and ROOT\Debug\mt.read.1.tlog
F:\CEN133-SOFTWARE ENGINEER\PROJECTS\DISCRIMNANT and ROOT\DISCRIMNANT and ROOT\Debug\mt.write.1.tlog
F:\CEN133-SOFTWARE ENGINEER\PROJECTS\DISCRIMNANT and ROOT\DISCRIMNANT and ROOT\Debug\rc.command.1.tlog
F:\CEN133-SOFTWARE ENGINEER\PROJECTS\DISCRIMNANT and ROOT\DISCRIMNANT and ROOT\Debug\rc.read.1.tlog
F:\CEN133-SOFTWARE ENGINEER\PROJECTS\DISCRIMNANT and ROOT\DISCRIMNANT and ROOT\Debug\rc.write.1.tlog
F:\CEN133-SOFTWARE ENGINEER\PROJECTS\DISCRIMNANT and ROOT\DISCRIMNANT and ROOT\Debug\vc100.idb
F:\CEN133-SOFTWARE ENGINEER\PROJECTS\DISCRIMNANT and ROOT\DISCRIMNANT and ROOT\Debug\vc100.pdb
