Build started 4.10.2013 17:41:46.
     1>Project "F:\CEN133-SOFTWARE ENGINEER\PROJECTS\DISCRIMNANT and ROOT\DISCRIMNANT and ROOT\DISCRIMNANT and ROOT.vcxproj" on node 2 (rebuild target(s)).
     1>_PrepareForClean:
         Deleting file "Debug\DISCRIMNANT and ROOT.lastbuildstate".
       InitializeBuildStatus:
         Creating "Debug\DISCRIMNANT and ROOT.unsuccessfulbuild" because "AlwaysCreate" was specified.
       ClCompile:
         C:\Program Files (x86)\Microsoft Visual Studio 10.0\VC\bin\CL.exe /c /ZI /nologo /W3 /WX- /Od /Oy- /D "WIN32" /D _DEBUG /D _CONSOLE /D "_UNICODE" /D "UNICODE" /Gm /EHsc /RTC1 /MDd /GS /fp:precise /Zc:wchar_t /Zc:forScope /Fo"Debug\\" /Fd"Debug\vc100.pdb" /Gd /TC /analyze- /errorReport:prompt DiscrimnantAndRoot.c
         DiscrimnantAndRoot.c
     1>f:\cen133-software engineer\projects\discrimnant and root\discrimnant and root\discrimnantandroot.c(11): warning C4996: 'scanf': This function or variable may be unsafe. Consider using scanf_s instead. To disable deprecation, use _CRT_SECURE_NO_WARNINGS. See online help for details.
                 c:\program files (x86)\microsoft visual studio 10.0\vc\include\stdio.h(304) : see declaration of 'scanf'
     1>f:\cen133-software engineer\projects\discrimnant and root\discrimnant and root\discrimnantandroot.c(13): warning C4996: 'scanf': This function or variable may be unsafe. Consider using scanf_s instead. To disable deprecation, use _CRT_SECURE_NO_WARNINGS. See online help for details.
                 c:\program files (x86)\microsoft visual studio 10.0\vc\include\stdio.h(304) : see declaration of 'scanf'
     1>f:\cen133-software engineer\projects\discrimnant and root\discrimnant and root\discrimnantandroot.c(15): warning C4996: 'scanf': This function or variable may be unsafe. Consider using scanf_s instead. To disable deprecation, use _CRT_SECURE_NO_WARNINGS. See online help for details.
                 c:\program files (x86)\microsoft visual studio 10.0\vc\include\stdio.h(304) : see declaration of 'scanf'
       ManifestResourceCompile:
         C:\Program Files (x86)\Microsoft SDKs\Windows\v7.0A\bin\rc.exe /nologo /fo"Debug\DISCRIMNANT and ROOT.exe.embed.manifest.res" "Debug\DISCRIMNANT and ROOT_manifest.rc" 
       Link:
         C:\Program Files (x86)\Microsoft Visual Studio 10.0\VC\bin\link.exe /ERRORREPORT:PROMPT /OUT:"F:\CEN133-SOFTWARE ENGINEER\PROJECTS\DISCRIMNANT and ROOT\Debug\DISCRIMNANT and ROOT.exe" /INCREMENTAL /NOLOGO kernel32.lib user32.lib gdi32.lib winspool.lib comdlg32.lib advapi32.lib shell32.lib ole32.lib oleaut32.lib uuid.lib odbc32.lib odbccp32.lib /MANIFEST /ManifestFile:"Debug\DISCRIMNANT and ROOT.exe.intermediate.manifest" /MANIFESTUAC:"level='asInvoker' uiAccess='false'" /DEBUG /PDB:"F:\CEN133-SOFTWARE ENGINEER\PROJECTS\DISCRIMNANT and ROOT\Debug\DISCRIMNANT and ROOT.pdb" /SUBSYSTEM:CONSOLE /TLBID:1 /DYNAMICBASE /NXCOMPAT /IMPLIB:"F:\CEN133-SOFTWARE ENGINEER\PROJECTS\DISCRIMNANT and ROOT\Debug\DISCRIMNANT and ROOT.lib" /MACHINE:X86 "Debug\DISCRIMNANT and ROOT.exe.embed.manifest.res"
         Debug\DiscrimnantAndRoot.obj
       Manifest:
         Deleting file "Debug\DISCRIMNANT and ROOT.exe.embed.manifest".
         C:\Program Files (x86)\Microsoft SDKs\Windows\v7.0A\bin\mt.exe /nologo /verbose /out:"Debug\DISCRIMNANT and ROOT.exe.embed.manifest" /manifest "Debug\DISCRIMNANT and ROOT.exe.intermediate.manifest"
         C:\Program Files (x86)\Microsoft SDKs\Windows\v7.0A\bin\rc.exe /nologo /fo"Debug\DISCRIMNANT and ROOT.exe.embed.manifest.res" "Debug\DISCRIMNANT and ROOT_manifest.rc" 
       LinkEmbedManifest:
         C:\Program Files (x86)\Microsoft Visual Studio 10.0\VC\bin\link.exe /ERRORREPORT:PROMPT /OUT:"F:\CEN133-SOFTWARE ENGINEER\PROJECTS\DISCRIMNANT and ROOT\Debug\DISCRIMNANT and ROOT.exe" /INCREMENTAL /NOLOGO kernel32.lib user32.lib gdi32.lib winspool.lib comdlg32.lib advapi32.lib shell32.lib ole32.lib oleaut32.lib uuid.lib odbc32.lib odbccp32.lib /MANIFEST /ManifestFile:"Debug\DISCRIMNANT and ROOT.exe.intermediate.manifest" /MANIFESTUAC:"level='asInvoker' uiAccess='false'" /DEBUG /PDB:"F:\CEN133-SOFTWARE ENGINEER\PROJECTS\DISCRIMNANT and ROOT\Debug\DISCRIMNANT and ROOT.pdb" /SUBSYSTEM:CONSOLE /TLBID:1 /DYNAMICBASE /NXCOMPAT /IMPLIB:"F:\CEN133-SOFTWARE ENGINEER\PROJECTS\DISCRIMNANT and ROOT\Debug\DISCRIMNANT and ROOT.lib" /MACHINE:X86 "Debug\DISCRIMNANT and ROOT.exe.embed.manifest.res"
         Debug\DiscrimnantAndRoot.obj
         DISCRIMNANT and ROOT.vcxproj -> F:\CEN133-SOFTWARE ENGINEER\PROJECTS\DISCRIMNANT and ROOT\Debug\DISCRIMNANT and ROOT.exe
       FinalizeBuildStatus:
         Deleting file "Debug\DISCRIMNANT and ROOT.unsuccessfulbuild".
         Touching "Debug\DISCRIMNANT and ROOT.lastbuildstate".
     1>Done Building Project "F:\CEN133-SOFTWARE ENGINEER\PROJECTS\DISCRIMNANT and ROOT\DISCRIMNANT and ROOT\DISCRIMNANT and ROOT.vcxproj" (rebuild target(s)).

Build succeeded.

Time Elapsed 00:00:00.50
